[INFO] Scanning for projects...
[INFO] 
[INFO] ----------------< com.curso.boot:BetoneiraSuplementos >-----------------
[INFO] Building  0.0.1-SNAPSHOT
[INFO]   from pom.xml
[INFO] --------------------------------[ jar ]---------------------------------
[INFO] 
[INFO] >>> spring-boot:3.5.12:run (default-cli) > test-compile @ BetoneiraSuplementos >>>
[INFO] 
[INFO] --- resources:3.3.1:resources (default-resources) @ BetoneiraSuplementos ---
[INFO] Copying 1 resource from src\main\resources to target\classes
[INFO] Copying 32 resources from src\main\resources to target\classes
[INFO] 
[INFO] --- compiler:3.14.1:compile (default-compile) @ BetoneiraSuplementos ---
[INFO] Nothing to compile - all classes are up to date.
[INFO] 
[INFO] --- resources:3.3.1:testResources (default-testResources) @ BetoneiraSuplementos ---
[INFO] Copying 1 resource from src\test\resources to target\test-classes
[INFO] 
[INFO] --- compiler:3.14.1:testCompile (default-testCompile) @ BetoneiraSuplementos ---
[INFO] Nothing to compile - all classes are up to date.
[INFO] 
[INFO] <<< spring-boot:3.5.12:run (default-cli) < test-compile @ BetoneiraSuplementos <<<
[INFO] 
[INFO] 
[INFO] --- spring-boot:3.5.12:run (default-cli) @ BetoneiraSuplementos ---
[INFO] Attaching agents: []

  .   ____          _            __ _ _
 /\\ / ___'_ __ _ _(_)_ __  __ _ \ \ \ \
( ( )\___ | '_ | '_| | '_ \/ _` | \ \ \ \
 \\/  ___)| |_)| | | | | || (_| |  ) ) ) )
  '  |____| .__|_| |_|_| |_\__, | / / / /
 =========|_|==============|___/=/_/_/_/

 :: Spring Boot ::               (v3.5.12)

2026-04-27T22:41:03.167-03:00  INFO 3620 --- [BetoneiraSuplementos] [  restartedMain] c.c.b.B.BetoneiraSuplementosApplication  : Starting BetoneiraSuplementosApplication using Java 25.0.2 with PID 3620 (C:\Users\Admin\IdeaProjects\BetoneiraSuplemento\target\classes started by Admin in C:\Users\Admin\IdeaProjects\BetoneiraSuplemento)
2026-04-27T22:41:03.171-03:00  INFO 3620 --- [BetoneiraSuplementos] [  restartedMain] c.c.b.B.BetoneiraSuplementosApplication  : No active profile set, falling back to 1 default profile: "default"
2026-04-27T22:41:03.240-03:00  INFO 3620 --- [BetoneiraSuplementos] [  restartedMain] .e.DevToolsPropertyDefaultsPostProcessor : Devtools property defaults active! Set 'spring.devtools.add-properties' to 'false' to disable
2026-04-27T22:41:03.240-03:00  INFO 3620 --- [BetoneiraSuplementos] [  restartedMain] .e.DevToolsPropertyDefaultsPostProcessor : For additional web related logging consider setting the 'logging.level.web' property to 'DEBUG'
2026-04-27T22:41:04.998-03:00  INFO 3620 --- [BetoneiraSuplementos] [  restartedMain] o.s.b.w.embedded.tomcat.TomcatWebServer  : Tomcat initialized with port 8080 (http)
2026-04-27T22:41:05.021-03:00  INFO 3620 --- [BetoneiraSuplementos] [  restartedMain] o.apache.catalina.core.StandardService   : Starting service [Tomcat]
2026-04-27T22:41:05.022-03:00  INFO 3620 --- [BetoneiraSuplementos] [  restartedMain] o.apache.catalina.core.StandardEngine    : Starting Servlet engine: [Apache Tomcat/10.1.52]
2026-04-27T22:41:05.090-03:00  INFO 3620 --- [BetoneiraSuplementos] [  restartedMain] o.a.c.c.C.[Tomcat].[localhost].[/]       : Initializing Spring embedded WebApplicationContext
2026-04-27T22:41:05.091-03:00  INFO 3620 --- [BetoneiraSuplementos] [  restartedMain] w.s.c.ServletWebServerApplicationContext : Root WebApplicationContext: initialization completed in 1849 ms
2026-04-27T22:41:05.553-03:00  INFO 3620 --- [BetoneiraSuplementos] [  restartedMain] r$InitializeUserDetailsManagerConfigurer : Global AuthenticationManager configured with UserDetailsService bean with name jsonUserService
2026-04-27T22:41:05.865-03:00  INFO 3620 --- [BetoneiraSuplementos] [  restartedMain] o.s.b.a.e.web.EndpointLinksResolver      : Exposing 1 endpoint beneath base path '/actuator'
2026-04-27T22:41:06.250-03:00  INFO 3620 --- [BetoneiraSuplementos] [  restartedMain] o.s.b.d.a.OptionalLiveReloadServer       : LiveReload server is running on port 35729
2026-04-27T22:41:06.367-03:00  INFO 3620 --- [BetoneiraSuplementos] [  restartedMain] o.s.b.w.embedded.tomcat.TomcatWebServer  : Tomcat started on port 8080 (http) with context path '/'
2026-04-27T22:41:06.384-03:00  INFO 3620 --- [BetoneiraSuplementos] [  restartedMain] c.c.b.B.BetoneiraSuplementosApplication  : Started BetoneiraSuplementosApplication in 3.775 seconds (process running for 4.369)
