
  .   ____          _            __ _ _
 /\\ / ___'_ __ _ _(_)_ __  __ _ \ \ \ \
( ( )\___ | '_ | '_| | '_ \/ _` | \ \ \ \
 \\/  ___)| |_)| | | | | || (_| |  ) ) ) )
  '  |____| .__|_| |_|_| |_\__, | / / / /
 =========|_|==============|___/=/_/_/_/

 :: Spring Boot ::               (v3.5.12)

2026-04-27T14:59:53.158-03:00  INFO 23080 --- [BetoneiraSuplementos] [           main] c.c.b.B.BetoneiraSuplementosApplication  : Starting BetoneiraSuplementosApplication v0.0.1-SNAPSHOT using Java 25.0.2 with PID 23080 (C:\Users\Admin\IdeaProjects\BetoneiraSuplemento\target\BetoneiraSuplementos-0.0.1-SNAPSHOT.jar started by Admin in C:\Users\Admin\IdeaProjects\BetoneiraSuplemento)
2026-04-27T14:59:53.162-03:00  INFO 23080 --- [BetoneiraSuplementos] [           main] c.c.b.B.BetoneiraSuplementosApplication  : No active profile set, falling back to 1 default profile: "default"
2026-04-27T14:59:54.776-03:00  INFO 23080 --- [BetoneiraSuplementos] [           main] o.s.b.w.embedded.tomcat.TomcatWebServer  : Tomcat initialized with port 8080 (http)
2026-04-27T14:59:54.798-03:00  INFO 23080 --- [BetoneiraSuplementos] [           main] o.apache.catalina.core.StandardService   : Starting service [Tomcat]
2026-04-27T14:59:54.798-03:00  INFO 23080 --- [BetoneiraSuplementos] [           main] o.apache.catalina.core.StandardEngine    : Starting Servlet engine: [Apache Tomcat/10.1.52]
2026-04-27T14:59:54.857-03:00  INFO 23080 --- [BetoneiraSuplementos] [           main] o.a.c.c.C.[Tomcat].[localhost].[/]       : Initializing Spring embedded WebApplicationContext
2026-04-27T14:59:54.858-03:00  INFO 23080 --- [BetoneiraSuplementos] [           main] w.s.c.ServletWebServerApplicationContext : Root WebApplicationContext: initialization completed in 1616 ms
2026-04-27T14:59:55.632-03:00  INFO 23080 --- [BetoneiraSuplementos] [           main] o.s.b.a.e.web.EndpointLinksResolver      : Exposing 1 endpoint beneath base path '/actuator'
2026-04-27T14:59:55.724-03:00  INFO 23080 --- [BetoneiraSuplementos] [           main] o.s.b.w.embedded.tomcat.TomcatWebServer  : Tomcat started on port 8080 (http) with context path '/'
2026-04-27T14:59:55.750-03:00  INFO 23080 --- [BetoneiraSuplementos] [           main] c.c.b.B.BetoneiraSuplementosApplication  : Started BetoneiraSuplementosApplication in 3.234 seconds (process running for 3.872)
2026-04-27T15:00:08.703-03:00  INFO 23080 --- [BetoneiraSuplementos] [nio-8080-exec-1] o.a.c.c.C.[Tomcat].[localhost].[/]       : Initializing Spring DispatcherServlet 'dispatcherServlet'
2026-04-27T15:00:08.704-03:00  INFO 23080 --- [BetoneiraSuplementos] [nio-8080-exec-1] o.s.web.servlet.DispatcherServlet        : Initializing Servlet 'dispatcherServlet'
2026-04-27T15:00:08.705-03:00  INFO 23080 --- [BetoneiraSuplementos] [nio-8080-exec-1] o.s.web.servlet.DispatcherServlet        : Completed initialization in 1 ms
2026-04-27T15:00:23.528-03:00  WARN 23080 --- [BetoneiraSuplementos] [nio-8080-exec-7] .w.s.m.s.DefaultHandlerExceptionResolver : Resolved [org.springframework.web.HttpRequestMethodNotSupportedException: Request method 'POST' is not supported]
